<?xml version="1.0" encoding="UTF-8"?>
<!-- Generated by org.testng.reporters.JUnitReportReporter -->
<testsuite skipped="4" hostname="DESKTOP-INQUNRP" name="com.TestNGAnnotationAttributes.Priority" tests="5" failures="0" timestamp="24 Jan 2021 00:54:54 GMT" time="38.897" errors="1">
  <testcase name="murad" time="0.000" classname="com.TestNGAnnotationAttributes.Priority">
    <skipped/>
  </testcase> <!-- murad -->
  <testcase name="openApp" time="38.897" classname="com.TestNGAnnotationAttributes.Priority">
    <error type="org.openqa.selenium.WebDriverException" message="unknown error: Chrome failed to start: exited normally.
  (chrome not reachable)
  (The process started from chrome location C:\Program Files (x86)\Google\Chrome\Application\chrome.exe is no longer running, so ChromeDriver is assuming that Chrome has crashed.)
Build info: version: &#039;3.141.59&#039;, revision: &#039;e82be7d358&#039;, time: &#039;2018-11-14T08:17:03&#039;
System info: host: &#039;DESKTOP-INQUNRP&#039;, ip: &#039;192.168.181.1&#039;, os.name: &#039;Windows 10&#039;, os.arch: &#039;amd64&#039;, os.version: &#039;10.0&#039;, java.version: &#039;1.8.0_171&#039;
Driver info: driver.version: ChromeDriver
remote stacktrace: Backtrace:
	Ordinal0 [0x00E1C0C3+3326147]
	Ordinal0 [0x00D00851+2164817]
	Ordinal0 [0x00B87298+619160]
	Ordinal0 [0x00AFE4CB+58571]
	Ordinal0 [0x00AFC38A+50058]
	Ordinal0 [0x00B25F3E+220990]
	Ordinal0 [0x00B25CAC+220332]
	Ordinal0 [0x00B2189B+202907]
	Ordinal0 [0x00B03DF4+81396]
	Ordinal0 [0x00B04DEE+85486]
	Ordinal0 [0x00B04D79+85369]
	Ordinal0 [0x00D185DC+2262492]
	GetHandleVerifier [0x00FA2874+1487204]
	GetHandleVerifier [0x00FA23CD+1486013]
	GetHandleVerifier [0x00FAA368+1518680]
	GetHandleVerifier [0x00FA2F4E+1488958]
	Ordinal0 [0x00D0ED0D+2223373]
	Ordinal0 [0x00D1A12B+2269483]
	Ordinal0 [0x00D1A26F+2269807]
	Ordinal0 [0x00D2ECB8+2354360]
	BaseThreadInitThunk [0x76156359+25]
	RtlGetAppContainerNamedObjectPath [0x77C78944+228]
	RtlGetAppContainerNamedObjectPath [0x77C78914+180]
">
      <![CDATA[org.openqa.selenium.WebDriverException: unknown error: Chrome failed to start: exited normally.
  (chrome not reachable)
  (The process started from chrome location C:\Program Files (x86)\Google\Chrome\Application\chrome.exe is no longer running, so ChromeDriver is assuming that Chrome has crashed.)
Build info: version: '3.141.59', revision: 'e82be7d358', time: '2018-11-14T08:17:03'
System info: host: 'DESKTOP-INQUNRP', ip: '192.168.181.1', os.name: 'Windows 10', os.arch: 'amd64', os.version: '10.0', java.version: '1.8.0_171'
Driver info: driver.version: ChromeDriver
remote stacktrace: Backtrace:
Ordinal0 [0x00E1C0C3+3326147]
Ordinal0 [0x00D00851+2164817]
Ordinal0 [0x00B87298+619160]
Ordinal0 [0x00AFE4CB+58571]
Ordinal0 [0x00AFC38A+50058]
Ordinal0 [0x00B25F3E+220990]
Ordinal0 [0x00B25CAC+220332]
Ordinal0 [0x00B2189B+202907]
Ordinal0 [0x00B03DF4+81396]
Ordinal0 [0x00B04DEE+85486]
Ordinal0 [0x00B04D79+85369]
Ordinal0 [0x00D185DC+2262492]
GetHandleVerifier [0x00FA2874+1487204]
GetHandleVerifier [0x00FA23CD+1486013]
GetHandleVerifier [0x00FAA368+1518680]
GetHandleVerifier [0x00FA2F4E+1488958]
Ordinal0 [0x00D0ED0D+2223373]
Ordinal0 [0x00D1A12B+2269483]
Ordinal0 [0x00D1A26F+2269807]
Ordinal0 [0x00D2ECB8+2354360]
BaseThreadInitThunk [0x76156359+25]
RtlGetAppContainerNamedObjectPath [0x77C78944+228]
RtlGetAppContainerNamedObjectPath [0x77C78914+180]

at sun.reflect.NativeConstructorAccessorImpl.newInstance0(Native Method)
at sun.reflect.NativeConstructorAccessorImpl.newInstance(Unknown Source)
at sun.reflect.DelegatingConstructorAccessorImpl.newInstance(Unknown Source)
at java.lang.reflect.Constructor.newInstance(Unknown Source)
at org.openqa.selenium.remote.W3CHandshakeResponse.lambda$errorHandler$0(W3CHandshakeResponse.java:62)
at org.openqa.selenium.remote.HandshakeResponse.lambda$getResponseFunction$0(HandshakeResponse.java:30)
at org.openqa.selenium.remote.ProtocolHandshake.lambda$createSession$0(ProtocolHandshake.java:126)
at java.util.stream.ReferencePipeline$3$1.accept(Unknown Source)
at java.util.Spliterators$ArraySpliterator.tryAdvance(Unknown Source)
at java.util.stream.ReferencePipeline.forEachWithCancel(Unknown Source)
at java.util.stream.AbstractPipeline.copyIntoWithCancel(Unknown Source)
at java.util.stream.AbstractPipeline.copyInto(Unknown Source)
at java.util.stream.AbstractPipeline.wrapAndCopyInto(Unknown Source)
at java.util.stream.FindOps$FindOp.evaluateSequential(Unknown Source)
at java.util.stream.AbstractPipeline.evaluate(Unknown Source)
at java.util.stream.ReferencePipeline.findFirst(Unknown Source)
at org.openqa.selenium.remote.ProtocolHandshake.createSession(ProtocolHandshake.java:128)
at org.openqa.selenium.remote.ProtocolHandshake.createSession(ProtocolHandshake.java:74)
at org.openqa.selenium.remote.HttpCommandExecutor.execute(HttpCommandExecutor.java:136)
at org.openqa.selenium.remote.service.DriverCommandExecutor.execute(DriverCommandExecutor.java:83)
at org.openqa.selenium.remote.RemoteWebDriver.execute(RemoteWebDriver.java:552)
at org.openqa.selenium.remote.RemoteWebDriver.startSession(RemoteWebDriver.java:213)
at org.openqa.selenium.remote.RemoteWebDriver.<init>(RemoteWebDriver.java:131)
at org.openqa.selenium.chrome.ChromeDriver.<init>(ChromeDriver.java:181)
at org.openqa.selenium.chrome.ChromeDriver.<init>(ChromeDriver.java:168)
at org.openqa.selenium.chrome.ChromeDriver.<init>(ChromeDriver.java:123)
at com.TestNGAnnotationAttributes.Priority.openApp(Priority.java:18)
at sun.reflect.NativeMethodAccessorImpl.invoke0(Native Method)
at sun.reflect.NativeMethodAccessorImpl.invoke(Unknown Source)
at sun.reflect.DelegatingMethodAccessorImpl.invoke(Unknown Source)
at java.lang.reflect.Method.invoke(Unknown Source)
at org.testng.internal.MethodInvocationHelper.invokeMethod(MethodInvocationHelper.java:124)
at org.testng.internal.MethodInvocationHelper.invokeMethodConsideringTimeout(MethodInvocationHelper.java:59)
at org.testng.internal.Invoker.invokeConfigurationMethod(Invoker.java:458)
at org.testng.internal.Invoker.invokeConfigurations(Invoker.java:222)
at org.testng.internal.Invoker.invokeConfigurations(Invoker.java:142)
at org.testng.TestRunner.beforeRun(TestRunner.java:529)
at org.testng.TestRunner.run(TestRunner.java:497)
at org.testng.SuiteRunner.runTest(SuiteRunner.java:455)
at org.testng.SuiteRunner.runSequentially(SuiteRunner.java:450)
at org.testng.SuiteRunner.privateRun(SuiteRunner.java:415)
at org.testng.SuiteRunner.run(SuiteRunner.java:364)
at org.testng.SuiteRunnerWorker.runSuite(SuiteRunnerWorker.java:52)
at org.testng.SuiteRunnerWorker.run(SuiteRunnerWorker.java:84)
at org.testng.TestNG.runSuitesSequentially(TestNG.java:1208)
at org.testng.TestNG.runSuitesLocally(TestNG.java:1137)
at org.testng.TestNG.runSuites(TestNG.java:1049)
at org.testng.TestNG.run(TestNG.java:1017)
at org.testng.remote.AbstractRemoteTestNG.run(AbstractRemoteTestNG.java:115)
at org.testng.remote.RemoteTestNG.initAndRun(RemoteTestNG.java:251)
at org.testng.remote.RemoteTestNG.main(RemoteTestNG.java:77)
]]>
    </error>
  </testcase> <!-- openApp -->
  <testcase name="khaled" time="0.000" classname="com.TestNGAnnotationAttributes.Priority">
    <skipped/>
  </testcase> <!-- khaled -->
  <testcase name="asma" time="0.000" classname="com.TestNGAnnotationAttributes.Priority">
    <skipped/>
  </testcase> <!-- asma -->
  <testcase name="farid" time="0.000" classname="com.TestNGAnnotationAttributes.Priority">
    <skipped/>
  </testcase> <!-- farid -->
</testsuite> <!-- com.TestNGAnnotationAttributes.Priority -->
